c:\users\lucasmud\documents\adventofcode\x64\debug\vc142.pdb
c:\users\lucasmud\documents\adventofcode\x64\debug\vc142.idb
c:\users\lucasmud\documents\adventofcode\x64\debug\reader.obj
c:\users\lucasmud\documents\adventofcode\x64\debug\adventofcode.obj
c:\users\lucasmud\documents\adventofcode\x64\debug\day4.obj
c:\users\lucasmud\documents\adventofcode\x64\debug\day3.obj
c:\users\lucasmud\documents\adventofcode\x64\debug\day2.obj
c:\users\lucasmud\documents\adventofcode\x64\debug\day1.obj
c:\users\lucasmud\documents\adventofcode\x64\debug\day5.obj
c:\users\lucasmud\documents\adventofcode\x64\debug\day6.obj
c:\users\lucasmud\documents\adventofcode\x64\debug\adventofcode.exe
c:\users\lucasmud\documents\adventofcode\x64\debug\adventofcode.ilk
c:\users\lucasmud\documents\adventofcode\x64\debug\adventofcode.pdb
c:\users\lucasmud\documents\adventofcode\x64\debug\day5.obj.enc
c:\users\lucasmud\documents\adventofcode\x64\debug\adventofcode.tlog\cl.command.1.tlog
c:\users\lucasmud\documents\adventofcode\x64\debug\adventofcode.tlog\cl.read.1.tlog
c:\users\lucasmud\documents\adventofcode\x64\debug\adventofcode.tlog\cl.write.1.tlog
c:\users\lucasmud\documents\adventofcode\x64\debug\adventofcode.tlog\link.11592-cvtres.read.1.tlog
c:\users\lucasmud\documents\adventofcode\x64\debug\adventofcode.tlog\link.11592-cvtres.write.1.tlog
c:\users\lucasmud\documents\adventofcode\x64\debug\adventofcode.tlog\link.11592-rc.read.1.tlog
c:\users\lucasmud\documents\adventofcode\x64\debug\adventofcode.tlog\link.11592-rc.write.1.tlog
c:\users\lucasmud\documents\adventofcode\x64\debug\adventofcode.tlog\link.11592.read.1.tlog
c:\users\lucasmud\documents\adventofcode\x64\debug\adventofcode.tlog\link.11592.write.1.tlog
c:\users\lucasmud\documents\adventofcode\x64\debug\adventofcode.tlog\link.command.1.tlog
c:\users\lucasmud\documents\adventofcode\x64\debug\adventofcode.tlog\link.read.1.tlog
c:\users\lucasmud\documents\adventofcode\x64\debug\adventofcode.tlog\link.write.1.tlog
